<?xml version="1.0" encoding="utf-8"?><testsuites name="pytest tests"><testsuite name="pytest" errors="0" failures="1" skipped="0" tests="18" time="4.171" timestamp="2026-03-30T00:38:58.584125+00:00" hostname="agent-env-977c30a6-f597-44bc-8ec3-3adeb045a59c"><testcase classname="backend.tests.test_fifo_lifo.TestAuth" name="test_admin_login" time="0.470" /><testcase classname="backend.tests.test_fifo_lifo.TestAuth" name="test_manager_login" time="0.326" /><testcase classname="backend.tests.test_fifo_lifo.TestAuth" name="test_operator_login" time="0.359" /><testcase classname="backend.tests.test_fifo_lifo.TestFIFORecommendation" name="test_fifo_recommendation_returns_batches_sorted_oldest_first" time="0.449" /><testcase classname="backend.tests.test_fifo_lifo.TestFIFORecommendation" name="test_fifo_recommendation_has_correct_fields" time="0.121" /><testcase classname="backend.tests.test_fifo_lifo.TestLIFORecommendation" name="test_lifo_recommendation_returns_batches_sorted_newest_first" time="0.114" /><testcase classname="backend.tests.test_fifo_lifo.TestLIFORecommendation" name="test_lifo_recommendation_has_correct_fields" time="0.110" /><testcase classname="backend.tests.test_fifo_lifo.TestExceptionLogging" name="test_log_exception_success" time="0.229" /><testcase classname="backend.tests.test_fifo_lifo.TestExceptionLogging" name="test_log_exception_requires_min_10_chars_reason" time="0.119" /><testcase classname="backend.tests.test_fifo_lifo.TestExceptionLogging" name="test_log_exception_requires_auth" time="0.105" /><testcase classname="backend.tests.test_fifo_lifo.TestExceptionRetrieval" name="test_get_exceptions_list" time="0.119" /><testcase classname="backend.tests.test_fifo_lifo.TestExceptionRetrieval" name="test_get_exception_summary" time="0.115" /><testcase classname="backend.tests.test_fifo_lifo.TestExceptionRetrieval" name="test_exceptions_require_proper_role" time="0.479" /><testcase classname="backend.tests.test_fifo_lifo.TestRBACManagementViewer" name="test_manager_cannot_access_material_master" time="0.449" /><testcase classname="backend.tests.test_fifo_lifo.TestRBACManagementViewer" name="test_manager_can_access_stock_dashboard" time="0.100"><failure message="AssertionError: Manager should access stock dashboard: {&quot;detail&quot;:&quot;Not Found&quot;}&#10;assert 404 == 200&#10; +  where 404 = &lt;Response [404]&gt;.status_code">backend/tests/test_fifo_lifo.py:351: in test_manager_can_access_stock_dashboard
    assert response.status_code == 200, f"Manager should access stock dashboard: {response.text}"
E   AssertionError: Manager should access stock dashboard: {"detail":"Not Found"}
E   assert 404 == 200
E    +  where 404 = &lt;Response [404]&gt;.status_code</failure></testcase><testcase classname="backend.tests.test_fifo_lifo.TestRBACManagementViewer" name="test_manager_cannot_create_users" time="0.102" /><testcase classname="backend.tests.test_fifo_lifo.TestReportsRegression" name="test_reports_stock_summary" time="0.125" /><testcase classname="backend.tests.test_fifo_lifo.TestReportsRegression" name="test_reports_fifo_compliance" time="0.108" /></testsuite></testsuites>