<?xml version="1.0" encoding="utf-8"?><testsuites name="pytest tests"><testsuite name="pytest" errors="0" failures="0" skipped="0" tests="27" time="4.548" timestamp="2026-04-07T23:10:57.191206+00:00" hostname="agent-env-0702bee4-ca33-44ff-99f1-1ae24c0fec83"><testcase classname="backend.tests.test_wms_comprehensive.TestAuthentication" name="test_admin_login_success" time="0.394" /><testcase classname="backend.tests.test_wms_comprehensive.TestAuthentication" name="test_operator_login_success" time="0.339" /><testcase classname="backend.tests.test_wms_comprehensive.TestAuthentication" name="test_login_invalid_credentials" time="0.126" /><testcase classname="backend.tests.test_wms_comprehensive.TestMaterials" name="test_get_all_materials" time="0.490" /><testcase classname="backend.tests.test_wms_comprehensive.TestMaterials" name="test_get_materials_by_category" time="0.115" /><testcase classname="backend.tests.test_wms_comprehensive.TestMaterials" name="test_search_materials" time="0.124" /><testcase classname="backend.tests.test_wms_comprehensive.TestGRN" name="test_get_all_grns" time="0.123" /><testcase classname="backend.tests.test_wms_comprehensive.TestGRN" name="test_get_grns_by_status" time="0.319" /><testcase classname="backend.tests.test_wms_comprehensive.TestGRN" name="test_get_completed_grns" time="0.112" /><testcase classname="backend.tests.test_wms_comprehensive.TestQualityInspection" name="test_get_pending_inspections" time="0.202" /><testcase classname="backend.tests.test_wms_comprehensive.TestBins" name="test_get_all_bins" time="0.111" /><testcase classname="backend.tests.test_wms_comprehensive.TestBins" name="test_get_bin_zones" time="0.103" /><testcase classname="backend.tests.test_wms_comprehensive.TestBins" name="test_filter_bins_by_zone" time="0.226" /><testcase classname="backend.tests.test_wms_comprehensive.TestPutaway" name="test_get_all_putaways" time="0.122" /><testcase classname="backend.tests.test_wms_comprehensive.TestPutaway" name="test_get_pending_putaways" time="0.133" /><testcase classname="backend.tests.test_wms_comprehensive.TestPutaway" name="test_get_completed_putaways" time="0.117" /><testcase classname="backend.tests.test_wms_comprehensive.TestTransferOrders" name="test_get_transfer_requirements" time="0.127" /><testcase classname="backend.tests.test_wms_comprehensive.TestTransferOrders" name="test_get_transfer_orders" time="0.138" /><testcase classname="backend.tests.test_wms_comprehensive.TestTransferOrders" name="test_get_open_transfer_requirements" time="0.137" /><testcase classname="backend.tests.test_wms_comprehensive.TestWMReports" name="test_quant_list_report" time="0.107" /><testcase classname="backend.tests.test_wms_comprehensive.TestWMReports" name="test_bin_status_report" time="0.117" /><testcase classname="backend.tests.test_wms_comprehensive.TestDashboard" name="test_stock_summary" time="0.111" /><testcase classname="backend.tests.test_wms_comprehensive.TestDashboard" name="test_bin_utilization" time="0.148" /><testcase classname="backend.tests.test_wms_comprehensive.TestDashboard" name="test_stock_aging" time="0.107" /><testcase classname="backend.tests.test_wms_comprehensive.TestDashboard" name="test_fifo_alerts" time="0.113" /><testcase classname="backend.tests.test_wms_comprehensive.TestLabels" name="test_get_labels" time="0.099" /><testcase classname="backend.tests.test_wms_comprehensive.TestUsers" name="test_get_users" time="0.107" /></testsuite></testsuites>